<?xml version="1.0" encoding="UTF-8"?>
<!-- Generated by org.testng.reporters.JUnitReportReporter -->
<testsuite hostname="Shailesh" failures="0" tests="8" name="testngTutorial.testngTutorial.Day1" time="0.014" errors="0" timestamp="2024-12-14T16:01:24 IST" skipped="0">
  <testcase classname="testngTutorial.testngTutorial.Day1" name="sumsung" time="0.002"/>
  <testcase classname="testngTutorial.testngTutorial.Day1" name="sumsung" time="0.007"/>
  <testcase classname="testngTutorial.testngTutorial.Day1" name="splender" time="0.002"/>
  <testcase classname="testngTutorial.testngTutorial.Day1" name="splender" time="0.000"/>
  <testcase classname="testngTutorial.testngTutorial.Day1" name="splender" time="0.001"/>
  <testcase classname="testngTutorial.testngTutorial.Day1" name="splender" time="0.001"/>
  <testcase classname="testngTutorial.testngTutorial.Day1" name="iphone" time="0.001"/>
  <testcase classname="testngTutorial.testngTutorial.Day1" name="iphone" time="0.000"/>
</testsuite> <!-- testngTutorial.testngTutorial.Day1 -->
