<?xml version="1.0" encoding="UTF-8"?>
<!-- Generated by org.testng.reporters.JUnitReportReporter -->
<testsuite hostname="Shailesh" failures="0" tests="2" name="demo.Demo4" time="0.013" errors="0" timestamp="2024-12-12T18:01:15 IST" skipped="0">
  <testcase classname="demo.Demo4" name="demo4" time="0.010"/>
  <testcase classname="demo.Demo4" name="demo5" time="0.003"/>
</testsuite> <!-- demo.Demo4 -->
