<?xml version="1.0" encoding="UTF-8"?>
<!-- Generated by org.testng.reporters.JUnitReportReporter -->
<testsuite hostname="Shailesh" failures="0" tests="4" name="demo.Day3" time="0.014" errors="0" timestamp="2024-12-14T16:01:24 IST" skipped="0">
  <testcase classname="demo.Day3" name="demo3" time="0.004"/>
  <testcase classname="demo.Day3" name="demo3" time="0.009"/>
  <testcase classname="demo.Day3" name="demo4" time="0.000"/>
  <testcase classname="demo.Day3" name="demo4" time="0.001"/>
</testsuite> <!-- demo.Day3 -->
