<?xml version="1.0" encoding="UTF-8"?>
<!-- Generated by org.testng.reporters.JUnitReportReporter -->
<testsuite hostname="Shailesh" failures="0" tests="2" name="testngTutorial.testngTutorial.day3" time="0.006" errors="0" timestamp="2024-12-12T17:54:36 IST" skipped="0">
  <testcase classname="testngTutorial.testngTutorial.day3" name="Demo3" time="0.002"/>
  <testcase classname="testngTutorial.testngTutorial.day3" name="Demo1" time="0.004"/>
</testsuite> <!-- testngTutorial.testngTutorial.day3 -->
